#
# There is insufficient memory for the Java Runtime Environment to continue.
# Native memory allocation (malloc) failed to allocate 131088 bytes for Chunk::new
# Possible reasons:
#   The system is out of physical RAM or swap space
#   The process is running with CompressedOops enabled, and the Java Heap may be blocking the growth of the native heap
# Possible solutions:
#   Reduce memory load on the system
#   Increase physical memory or swap space
#   Check if swap backing store is full
#   Decrease Java heap size (-Xmx/-Xms)
#   Decrease number of Java threads
#   Decrease Java thread stack sizes (-Xss)
#   Set larger code cache with -XX:ReservedCodeCacheSize=
#   JVM is running with Zero Based Compressed Oops mode in which the Java heap is
#     placed in the first 32GB address space. The Java Heap base address is the
#     maximum limit for the native heap growth. Please use -XX:HeapBaseMinAddress
#     to set the Java Heap base and to place the Java Heap above 32GB virtual address.
# This output file may be truncated or incomplete.
#
#  Out of Memory Error (t:/workspace/open/src/hotspot/share/memory/arena.cpp:197), pid=14784, tid=14172
#
# JRE version: Java(TM) SE Runtime Environment (11.0.3+12) (build 11.0.3+12-LTS)
# Java VM: Java HotSpot(TM) 64-Bit Server VM (11.0.3+12-LTS, mixed mode, tiered, compressed oops, g1 gc, windows-amd64)
# No core dump will be written. Minidumps are not enabled by default on client versions of Windows
#

---------------  S U M M A R Y ------------

Command Line: -ea -Dfile.encoding=Cp1252 org.testng.remote.RemoteTestNG -serport 56888 -protocol json -d C:\Users\jahanavikeshari\eclipse-workspace\FinalProject\test-output C:\Users\JAHANA~1\AppData\Local\Temp\testng-eclipse-2064663779\testng-customsuite.xml

Host: 11th Gen Intel(R) Core(TM) i5-1135G7 @ 2.40GHz, 8 cores, 15G,  Windows 10 , 64 bit Build 19041 (10.0.19041.1566)
Time: Tue Mar 22 19:55:11 2022 India Standard Time elapsed time: 6 seconds (0d 0h 0m 6s)

---------------  T H R E A D  ---------------

Current thread (0x000001b57ae6c800):  JavaThread "C2 CompilerThread0" daemon [_thread_in_native, id=14172, stack(0x00000055e3a00000,0x00000055e3b00000)]


Current CompileTask:
C2:   6790 1966       4       java.net.URLStreamHandler::parseURL (1201 bytes)

Stack: [0x00000055e3a00000,0x00000055e3b00000]
Native frames: (J=compiled Java code, j=interpreted, Vv=VM code, C=native code)
V  [jvm.dll+0x63582a]
V  [jvm.dll+0x77360f]
V  [jvm.dll+0x774cba]
V  [jvm.dll+0x775373]
V  [jvm.dll+0x25e9c8]
V  [jvm.dll+0xc21d1]
V  [jvm.dll+0xc275c]
V  [jvm.dll+0x662e92]
V  [jvm.dll+0x664cea]
V  [jvm.dll+0x6636d9]
V  [jvm.dll+0x552bef]
V  [jvm.dll+0x21a369]
V  [jvm.dll+0x2178f6]
V  [jvm.dll+0x194300]
V  [jvm.dll+0x2269df]
V  [jvm.dll+0x224fe8]
V  [jvm.dll+0x738aed]
V  [jvm.dll+0x6348c2]
C  [ucrtbase.dll+0x21bb2]
C  [KERNEL32.DLL+0x17034]
C  [ntdll.dll+0x52651]


---------------  P R O C E S S  ---------------

Threads class SMR info:
_java_thread_list=0x000001b57c6f46b0, length=16, elements={
0x000001b556e63000, 0x000001b57a54e000, 0x000001b57a54f800, 0x000001b57ae20800,
0x000001b57ae24000, 0x000001b57ae6c800, 0x000001b57ae7a800, 0x000001b57ae84000,
0x000001b57afd7800, 0x000001b57afd8800, 0x000001b57ba45800, 0x000001b57bc4a800,
0x000001b57bd33000, 0x000001b57c418800, 0x000001b57bc8c000, 0x000001b57ca47800
}

Java Threads: ( => current thread )
  0x000001b556e63000 JavaThread "main" [_thread_in_native, id=5396, stack(0x00000055e2f00000,0x00000055e3000000)]
  0x000001b57a54e000 JavaThread "Reference Handler" daemon [_thread_blocked, id=3600, stack(0x00000055e3600000,0x00000055e3700000)]
  0x000001b57a54f800 JavaThread "Finalizer" daemon [_thread_blocked, id=22032, stack(0x00000055e3700000,0x00000055e3800000)]
  0x000001b57ae20800 JavaThread "Signal Dispatcher" daemon [_thread_blocked, id=18264, stack(0x00000055e3800000,0x00000055e3900000)]
  0x000001b57ae24000 JavaThread "Attach Listener" daemon [_thread_blocked, id=980, stack(0x00000055e3900000,0x00000055e3a00000)]
=>0x000001b57ae6c800 JavaThread "C2 CompilerThread0" daemon [_thread_in_native, id=14172, stack(0x00000055e3a00000,0x00000055e3b00000)]
  0x000001b57ae7a800 JavaThread "C1 CompilerThread0" daemon [_thread_blocked, id=1520, stack(0x00000055e3b00000,0x00000055e3c00000)]
  0x000001b57ae84000 JavaThread "Sweeper thread" daemon [_thread_blocked, id=12836, stack(0x00000055e3c00000,0x00000055e3d00000)]
  0x000001b57afd7800 JavaThread "Service Thread" daemon [_thread_blocked, id=19800, stack(0x00000055e3d00000,0x00000055e3e00000)]
  0x000001b57afd8800 JavaThread "Common-Cleaner" daemon [_thread_blocked, id=8668, stack(0x00000055e3f00000,0x00000055e4000000)]
  0x000001b57ba45800 JavaThread "ReaderThread" [_thread_in_native, id=2316, stack(0x00000055e4200000,0x00000055e4300000)]
  0x000001b57bc4a800 JavaThread "Keep-Alive-Timer" daemon [_thread_blocked, id=464, stack(0x00000055e4b00000,0x00000055e4c00000)]
  0x000001b57bd33000 JavaThread "Exec Default Executor" daemon [_thread_in_native, id=15236, stack(0x00000055e4900000,0x00000055e4a00000)]
  0x000001b57c418800 JavaThread "Exec Stream Pumper" daemon [_thread_in_native, id=1084, stack(0x00000055e4a00000,0x00000055e4b00000)]
  0x000001b57bc8c000 JavaThread "Exec Stream Pumper" daemon [_thread_in_native, id=9024, stack(0x00000055e4d00000,0x00000055e4e00000)]
  0x000001b57ca47800 JavaThread "UrlChecker-2" daemon [_thread_blocked, id=20388, stack(0x00000055e4e00000,0x00000055e4f00000)]

Other Threads:
  0x000001b57a54c800 VMThread "VM Thread" [stack: 0x00000055e3500000,0x00000055e3600000] [id=10692]
  0x000001b57afdc000 WatcherThread [stack: 0x00000055e3e00000,0x00000055e3f00000] [id=17052]
  0x000001b556e79800 GCTaskThread "GC Thread#0" [stack: 0x00000055e3000000,0x00000055e3100000] [id=9996]
  0x000001b57bd12000 GCTaskThread "GC Thread#1" [stack: 0x00000055e4000000,0x00000055e4100000] [id=11000]
  0x000001b57bd13000 GCTaskThread "GC Thread#2" [stack: 0x00000055e4300000,0x00000055e4400000] [id=22484]
  0x000001b57bd2f000 GCTaskThread "GC Thread#3" [stack: 0x00000055e4400000,0x00000055e4500000] [id=3232]
  0x000001b57bd2f800 GCTaskThread "GC Thread#4" [stack: 0x00000055e4500000,0x00000055e4600000] [id=3184]
  0x000001b57bd30800 GCTaskThread "GC Thread#5" [stack: 0x00000055e4600000,0x00000055e4700000] [id=4620]
  0x000001b556ed8000 ConcurrentGCThread "G1 Main Marker" [stack: 0x00000055e3100000,0x00000055e3200000] [id=18888]
  0x000001b556eda000 ConcurrentGCThread "G1 Conc#0" [stack: 0x00000055e3200000,0x00000055e3300000] [id=19676]
  0x000001b57c396000 ConcurrentGCThread "G1 Conc#1" [stack: 0x00000055e4c00000,0x00000055e4d00000] [id=15608]
  0x000001b57a438800 ConcurrentGCThread "G1 Refine#0" [stack: 0x00000055e3300000,0x00000055e3400000] [id=21396]
  0x000001b57b166000 ConcurrentGCThread "G1 Refine#1" [stack: 0x00000055e4700000,0x00000055e4800000] [id=5224]
  0x000001b57b467000 ConcurrentGCThread "G1 Refine#2" [stack: 0x00000055e4800000,0x00000055e4900000] [id=14352]
  0x000001b57a439000 ConcurrentGCThread "G1 Young RemSet Sampling" [stack: 0x00000055e3400000,0x00000055e3500000] [id=5540]

Threads with active compile tasks:
C2 CompilerThread01966       4       java.net.URLStreamHandler::parseURL (1201 bytes)

VM state:not at safepoint (normal execution)

VM Mutex/Monitor currently owned by a thread: None

Heap address: 0x0000000705600000, size: 4010 MB, Compressed Oops mode: Zero based, Oop shift amount: 3
Narrow klass base: 0x0000000800000000, Narrow klass shift: 0
Compressed class space size: 1073741824 Address: 0x0000000800000000

Heap:
 garbage-first heap   total 258048K, used 33635K [0x0000000705600000, 0x0000000800000000)
  region size 1024K, 26 young (26624K), 2 survivors (2048K)
 Metaspace       used 25267K, capacity 25623K, committed 25728K, reserved 1071104K
  class space    used 2988K, capacity 3106K, committed 3200K, reserved 1048576K
Heap Regions: E=young(eden), S=young(survivor), O=old, HS=humongous(starts), HC=humongous(continues), CS=collection set, F=free, A=archive, TAMS=top-at-mark-start (previous, next)
|   0|0x0000000705600000, 0x0000000705700000, 0x0000000705700000|100%|HS|  |TAMS 0x0000000705700000, 0x0000000705600000| Complete 
|   1|0x0000000705700000, 0x0000000705800000, 0x0000000705800000|100%| O|  |TAMS 0x0000000705800000, 0x0000000705700000| Untracked 
|   2|0x0000000705800000, 0x0000000705900000, 0x0000000705900000|100%| O|  |TAMS 0x0000000705900000, 0x0000000705800000| Untracked 
|   3|0x0000000705900000, 0x0000000705a00000, 0x0000000705a00000|100%| O|  |TAMS 0x0000000705a00000, 0x0000000705900000| Untracked 
|   4|0x0000000705a00000, 0x0000000705b00000, 0x0000000705b00000|100%| O|  |TAMS 0x0000000705b00000, 0x0000000705a00000| Untracked 
|   5|0x0000000705b00000, 0x0000000705c00000, 0x0000000705c00000|100%| O|  |TAMS 0x0000000705c00000, 0x0000000705b00000| Untracked 
|   6|0x0000000705c00000, 0x0000000705d00000, 0x0000000705d00000|100%| O|  |TAMS 0x0000000705d00000, 0x0000000705c00000| Untracked 
|   7|0x0000000705d00000, 0x0000000705e00000, 0x0000000705e00000|100%| O|  |TAMS 0x0000000705e00000, 0x0000000705d00000| Untracked 
|   8|0x0000000705e00000, 0x0000000705ec6000, 0x0000000705f00000| 77%| O|  |TAMS 0x0000000705ec6000, 0x0000000705e00000| Untracked 
|   9|0x0000000705f00000, 0x0000000705f00000, 0x0000000706000000|  0%| F|  |TAMS 0x0000000705f00000, 0x0000000705f00000| Untracked 
|  10|0x0000000706000000, 0x0000000706000000, 0x0000000706100000|  0%| F|  |TAMS 0x0000000706000000, 0x0000000706000000| Untracked 
|  11|0x0000000706100000, 0x0000000706100000, 0x0000000706200000|  0%| F|  |TAMS 0x0000000706100000, 0x0000000706100000| Untracked 
|  12|0x0000000706200000, 0x0000000706200000, 0x0000000706300000|  0%| F|  |TAMS 0x0000000706200000, 0x0000000706200000| Untracked 
|  13|0x0000000706300000, 0x0000000706300000, 0x0000000706400000|  0%| F|  |TAMS 0x0000000706300000, 0x0000000706300000| Untracked 
|  14|0x0000000706400000, 0x0000000706400000, 0x0000000706500000|  0%| F|  |TAMS 0x0000000706400000, 0x0000000706400000| Untracked 
|  15|0x0000000706500000, 0x0000000706500000, 0x0000000706600000|  0%| F|  |TAMS 0x0000000706500000, 0x0000000706500000| Untracked 
|  16|0x0000000706600000, 0x0000000706600000, 0x0000000706700000|  0%| F|  |TAMS 0x0000000706600000, 0x0000000706600000| Untracked 
|  17|0x0000000706700000, 0x0000000706700000, 0x0000000706800000|  0%| F|  |TAMS 0x0000000706700000, 0x0000000706700000| Untracked 
|  18|0x0000000706800000, 0x0000000706800000, 0x0000000706900000|  0%| F|  |TAMS 0x0000000706800000, 0x0000000706800000| Untracked 
|  19|0x0000000706900000, 0x0000000706900000, 0x0000000706a00000|  0%| F|  |TAMS 0x0000000706900000, 0x0000000706900000| Untracked 
|  20|0x0000000706a00000, 0x0000000706a00000, 0x0000000706b00000|  0%| F|  |TAMS 0x0000000706a00000, 0x0000000706a00000| Untracked 
|  21|0x0000000706b00000, 0x0000000706b00000, 0x0000000706c00000|  0%| F|  |TAMS 0x0000000706b00000, 0x0000000706b00000| Untracked 
|  22|0x0000000706c00000, 0x0000000706c00000, 0x0000000706d00000|  0%| F|  |TAMS 0x0000000706c00000, 0x0000000706c00000| Untracked 
|  23|0x0000000706d00000, 0x0000000706d00000, 0x0000000706e00000|  0%| F|  |TAMS 0x0000000706d00000, 0x0000000706d00000| Untracked 
|  24|0x0000000706e00000, 0x0000000706e00000, 0x0000000706f00000|  0%| F|  |TAMS 0x0000000706e00000, 0x0000000706e00000| Untracked 
|  25|0x0000000706f00000, 0x0000000706f00000, 0x0000000707000000|  0%| F|  |TAMS 0x0000000706f00000, 0x0000000706f00000| Untracked 
|  26|0x0000000707000000, 0x0000000707000000, 0x0000000707100000|  0%| F|  |TAMS 0x0000000707000000, 0x0000000707000000| Untracked 
|  27|0x0000000707100000, 0x0000000707100000, 0x0000000707200000|  0%| F|  |TAMS 0x0000000707100000, 0x0000000707100000| Untracked 
|  28|0x0000000707200000, 0x0000000707200000, 0x0000000707300000|  0%| F|  |TAMS 0x0000000707200000, 0x0000000707200000| Untracked 
|  29|0x0000000707300000, 0x0000000707300000, 0x0000000707400000|  0%| F|  |TAMS 0x0000000707300000, 0x0000000707300000| Untracked 
|  30|0x0000000707400000, 0x0000000707400000, 0x0000000707500000|  0%| F|  |TAMS 0x0000000707400000, 0x0000000707400000| Untracked 
|  31|0x0000000707500000, 0x0000000707500000, 0x0000000707600000|  0%| F|  |TAMS 0x0000000707500000, 0x0000000707500000| Untracked 
|  32|0x0000000707600000, 0x0000000707600000, 0x0000000707700000|  0%| F|  |TAMS 0x0000000707600000, 0x0000000707600000| Untracked 
|  33|0x0000000707700000, 0x0000000707700000, 0x0000000707800000|  0%| F|  |TAMS 0x0000000707700000, 0x0000000707700000| Untracked 
|  34|0x0000000707800000, 0x0000000707800000, 0x0000000707900000|  0%| F|  |TAMS 0x0000000707800000, 0x0000000707800000| Untracked 
|  35|0x0000000707900000, 0x0000000707900000, 0x0000000707a00000|  0%| F|  |TAMS 0x0000000707900000, 0x0000000707900000| Untracked 
|  36|0x0000000707a00000, 0x0000000707a00000, 0x0000000707b00000|  0%| F|  |TAMS 0x0000000707a00000, 0x0000000707a00000| Untracked 
|  37|0x0000000707b00000, 0x0000000707b00000, 0x0000000707c00000|  0%| F|  |TAMS 0x0000000707b00000, 0x0000000707b00000| Untracked 
|  38|0x0000000707c00000, 0x0000000707c00000, 0x0000000707d00000|  0%| F|  |TAMS 0x0000000707c00000, 0x0000000707c00000| Untracked 
|  39|0x0000000707d00000, 0x0000000707d00000, 0x0000000707e00000|  0%| F|  |TAMS 0x0000000707d00000, 0x0000000707d00000| Untracked 
|  40|0x0000000707e00000, 0x0000000707e00000, 0x0000000707f00000|  0%| F|  |TAMS 0x0000000707e00000, 0x0000000707e00000| Untracked 
|  41|0x0000000707f00000, 0x0000000707f00000, 0x0000000708000000|  0%| F|  |TAMS 0x0000000707f00000, 0x0000000707f00000| Untracked 
|  42|0x0000000708000000, 0x0000000708000000, 0x0000000708100000|  0%| F|  |TAMS 0x0000000708000000, 0x0000000708000000| Untracked 
|  43|0x0000000708100000, 0x0000000708100000, 0x0000000708200000|  0%| F|  |TAMS 0x0000000708100000, 0x0000000708100000| Untracked 
|  44|0x0000000708200000, 0x0000000708200000, 0x0000000708300000|  0%| F|  |TAMS 0x0000000708200000, 0x0000000708200000| Untracked 
|  45|0x0000000708300000, 0x0000000708300000, 0x0000000708400000|  0%| F|  |TAMS 0x0000000708300000, 0x0000000708300000| Untracked 
|  46|0x0000000708400000, 0x0000000708400000, 0x0000000708500000|  0%| F|  |TAMS 0x0000000708400000, 0x0000000708400000| Untracked 
|  47|0x0000000708500000, 0x0000000708500000, 0x0000000708600000|  0%| F|  |TAMS 0x0000000708500000, 0x0000000708500000| Untracked 
|  48|0x0000000708600000, 0x0000000708600000, 0x0000000708700000|  0%| F|  |TAMS 0x0000000708600000, 0x0000000708600000| Untracked 
|  49|0x0000000708700000, 0x0000000708700000, 0x0000000708800000|  0%| F|  |TAMS 0x0000000708700000, 0x0000000708700000| Untracked 
|  50|0x0000000708800000, 0x0000000708800000, 0x0000000708900000|  0%| F|  |TAMS 0x0000000708800000, 0x0000000708800000| Untracked 
|  51|0x0000000708900000, 0x0000000708900000, 0x0000000708a00000|  0%| F|  |TAMS 0x0000000708900000, 0x0000000708900000| Untracked 
|  52|0x0000000708a00000, 0x0000000708a00000, 0x0000000708b00000|  0%| F|  |TAMS 0x0000000708a00000, 0x0000000708a00000| Untracked 
|  53|0x0000000708b00000, 0x0000000708b00000, 0x0000000708c00000|  0%| F|  |TAMS 0x0000000708b00000, 0x0000000708b00000| Untracked 
|  54|0x0000000708c00000, 0x0000000708c00000, 0x0000000708d00000|  0%| F|  |TAMS 0x0000000708c00000, 0x0000000708c00000| Untracked 
|  55|0x0000000708d00000, 0x0000000708d00000, 0x0000000708e00000|  0%| F|  |TAMS 0x0000000708d00000, 0x0000000708d00000| Untracked 
|  56|0x0000000708e00000, 0x0000000708e00000, 0x0000000708f00000|  0%| F|  |TAMS 0x0000000708e00000, 0x0000000708e00000| Untracked 
|  57|0x0000000708f00000, 0x0000000708f00000, 0x0000000709000000|  0%| F|  |TAMS 0x0000000708f00000, 0x0000000708f00000| Untracked 
|  58|0x0000000709000000, 0x0000000709000000, 0x0000000709100000|  0%| F|  |TAMS 0x0000000709000000, 0x0000000709000000| Untracked 
|  59|0x0000000709100000, 0x0000000709100000, 0x0000000709200000|  0%| F|  |TAMS 0x0000000709100000, 0x0000000709100000| Untracked 
|  60|0x0000000709200000, 0x0000000709200000, 0x0000000709300000|  0%| F|  |TAMS 0x0000000709200000, 0x0000000709200000| Untracked 
|  61|0x0000000709300000, 0x0000000709300000, 0x0000000709400000|  0%| F|  |TAMS 0x0000000709300000, 0x0000000709300000| Untracked 
|  62|0x0000000709400000, 0x0000000709400000, 0x0000000709500000|  0%| F|  |TAMS 0x0000000709400000, 0x0000000709400000| Untracked 
|  63|0x0000000709500000, 0x0000000709500000, 0x0000000709600000|  0%| F|  |TAMS 0x0000000709500000, 0x0000000709500000| Untracked 
|  64|0x0000000709600000, 0x0000000709600000, 0x0000000709700000|  0%| F|  |TAMS 0x0000000709600000, 0x0000000709600000| Untracked 
|  65|0x0000000709700000, 0x0000000709700000, 0x0000000709800000|  0%| F|  |TAMS 0x0000000709700000, 0x0000000709700000| Untracked 
|  66|0x0000000709800000, 0x0000000709800000, 0x0000000709900000|  0%| F|  |TAMS 0x0000000709800000, 0x0000000709800000| Untracked 
|  67|0x0000000709900000, 0x0000000709900000, 0x0000000709a00000|  0%| F|  |TAMS 0x0000000709900000, 0x0000000709900000| Untracked 
|  68|0x0000000709a00000, 0x0000000709a00000, 0x0000000709b00000|  0%| F|  |TAMS 0x0000000709a00000, 0x0000000709a00000| Untracked 
|  69|0x0000000709b00000, 0x0000000709b00000, 0x0000000709c00000|  0%| F|  |TAMS 0x0000000709b00000, 0x0000000709b00000| Untracked 
|  70|0x0000000709c00000, 0x0000000709c00000, 0x0000000709d00000|  0%| F|  |TAMS 0x0000000709c00000, 0x0000000709c00000| Untracked 
|  71|0x0000000709d00000, 0x0000000709d00000, 0x0000000709e00000|  0%| F|  |TAMS 0x0000000709d00000, 0x0000000709d00000| Untracked 
|  72|0x0000000709e00000, 0x0000000709e00000, 0x0000000709f00000|  0%| F|  |TAMS 0x0000000709e00000, 0x0000000709e00000| Untracked 
|  73|0x0000000709f00000, 0x0000000709f00000, 0x000000070a000000|  0%| F|  |TAMS 0x0000000709f00000, 0x0000000709f00000| Untracked 
|  74|0x000000070a000000, 0x000000070a000000, 0x000000070a100000|  0%| F|  |TAMS 0x000000070a000000, 0x000000070a000000| Untracked 
|  75|0x000000070a100000, 0x000000070a100000, 0x000000070a200000|  0%| F|  |TAMS 0x000000070a100000, 0x000000070a100000| Untracked 
|  76|0x000000070a200000, 0x000000070a200000, 0x000000070a300000|  0%| F|  |TAMS 0x000000070a200000, 0x000000070a200000| Untracked 
|  77|0x000000070a300000, 0x000000070a300000, 0x000000070a400000|  0%| F|  |TAMS 0x000000070a300000, 0x000000070a300000| Untracked 
|  78|0x000000070a400000, 0x000000070a400000, 0x000000070a500000|  0%| F|  |TAMS 0x000000070a400000, 0x000000070a400000| Untracked 
|  79|0x000000070a500000, 0x000000070a500000, 0x000000070a600000|  0%| F|  |TAMS 0x000000070a500000, 0x000000070a500000| Untracked 
|  80|0x000000070a600000, 0x000000070a600000, 0x000000070a700000|  0%| F|  |TAMS 0x000000070a600000, 0x000000070a600000| Untracked 
|  81|0x000000070a700000, 0x000000070a700000, 0x000000070a800000|  0%| F|  |TAMS 0x000000070a700000, 0x000000070a700000| Untracked 
|  82|0x000000070a800000, 0x000000070a800000, 0x000000070a900000|  0%| F|  |TAMS 0x000000070a800000, 0x000000070a800000| Untracked 
|  83|0x000000070a900000, 0x000000070a900000, 0x000000070aa00000|  0%| F|  |TAMS 0x000000070a900000, 0x000000070a900000| Untracked 
|  84|0x000000070aa00000, 0x000000070aa00000, 0x000000070ab00000|  0%| F|  |TAMS 0x000000070aa00000, 0x000000070aa00000| Untracked 
|  85|0x000000070ab00000, 0x000000070ab00000, 0x000000070ac00000|  0%| F|  |TAMS 0x000000070ab00000, 0x000000070ab00000| Untracked 
|  86|0x000000070ac00000, 0x000000070ac00000, 0x000000070ad00000|  0%| F|  |TAMS 0x000000070ac00000, 0x000000070ac00000| Untracked 
|  87|0x000000070ad00000, 0x000000070ad00000, 0x000000070ae00000|  0%| F|  |TAMS 0x000000070ad00000, 0x000000070ad00000| Untracked 
|  88|0x000000070ae00000, 0x000000070ae00000, 0x000000070af00000|  0%| F|  |TAMS 0x000000070ae00000, 0x000000070ae00000| Untracked 
|  89|0x000000070af00000, 0x000000070af00000, 0x000000070b000000|  0%| F|  |TAMS 0x000000070af00000, 0x000000070af00000| Untracked 
|  90|0x000000070b000000, 0x000000070b000000, 0x000000070b100000|  0%| F|  |TAMS 0x000000070b000000, 0x000000070b000000| Untracked 
|  91|0x000000070b100000, 0x000000070b100000, 0x000000070b200000|  0%| F|  |TAMS 0x000000070b100000, 0x000000070b100000| Untracked 
|  92|0x000000070b200000, 0x000000070b200000, 0x000000070b300000|  0%| F|  |TAMS 0x000000070b200000, 0x000000070b200000| Untracked 
|  93|0x000000070b300000, 0x000000070b300000, 0x000000070b400000|  0%| F|  |TAMS 0x000000070b300000, 0x000000070b300000| Untracked 
|  94|0x000000070b400000, 0x000000070b400000, 0x000000070b500000|  0%| F|  |TAMS 0x000000070b400000, 0x000000070b400000| Untracked 
|  95|0x000000070b500000, 0x000000070b500000, 0x000000070b600000|  0%| F|  |TAMS 0x000000070b500000, 0x000000070b500000| Untracked 
|  96|0x000000070b600000, 0x000000070b600000, 0x000000070b700000|  0%| F|  |TAMS 0x000000070b600000, 0x000000070b600000| Untracked 
|  97|0x000000070b700000, 0x000000070b700000, 0x000000070b800000|  0%| F|  |TAMS 0x000000070b700000, 0x000000070b700000| Untracked 
|  98|0x000000070b800000, 0x000000070b800000, 0x000000070b900000|  0%| F|  |TAMS 0x000000070b800000, 0x000000070b800000| Untracked 
|  99|0x000000070b900000, 0x000000070b900000, 0x000000070ba00000|  0%| F|  |TAMS 0x000000070b900000, 0x000000070b900000| Untracked 
| 100|0x000000070ba00000, 0x000000070ba00000, 0x000000070bb00000|  0%| F|  |TAMS 0x000000070ba00000, 0x000000070ba00000| Untracked 
| 101|0x000000070bb00000, 0x000000070bb00000, 0x000000070bc00000|  0%| F|  |TAMS 0x000000070bb00000, 0x000000070bb00000| Untracked 
| 102|0x000000070bc00000, 0x000000070bc00000, 0x000000070bd00000|  0%| F|  |TAMS 0x000000070bc00000, 0x000000070bc00000| Untracked 
| 103|0x000000070bd00000, 0x000000070bd00000, 0x000000070be00000|  0%| F|  |TAMS 0x000000070bd00000, 0x000000070bd00000| Untracked 
| 104|0x000000070be00000, 0x000000070be00000, 0x000000070bf00000|  0%| F|  |TAMS 0x000000070be00000, 0x000000070be00000| Untracked 
| 105|0x000000070bf00000, 0x000000070bf00000, 0x000000070c000000|  0%| F|  |TAMS 0x000000070bf00000, 0x000000070bf00000| Untracked 
| 106|0x000000070c000000, 0x000000070c000000, 0x000000070c100000|  0%| F|  |TAMS 0x000000070c000000, 0x000000070c000000| Untracked 
| 107|0x000000070c100000, 0x000000070c100000, 0x000000070c200000|  0%| F|  |TAMS 0x000000070c100000, 0x000000070c100000| Untracked 
| 108|0x000000070c200000, 0x000000070c200000, 0x000000070c300000|  0%| F|  |TAMS 0x000000070c200000, 0x000000070c200000| Untracked 
| 109|0x000000070c300000, 0x000000070c300000, 0x000000070c400000|  0%| F|  |TAMS 0x000000070c300000, 0x000000070c300000| Untracked 
| 110|0x000000070c400000, 0x000000070c400000, 0x000000070c500000|  0%| F|  |TAMS 0x000000070c400000, 0x000000070c400000| Untracked 
| 111|0x000000070c500000, 0x000000070c500000, 0x000000070c600000|  0%| F|  |TAMS 0x000000070c500000, 0x000000070c500000| Untracked 
| 112|0x000000070c600000, 0x000000070c600000, 0x000000070c700000|  0%| F|  |TAMS 0x000000070c600000, 0x000000070c600000| Untracked 
| 113|0x000000070c700000, 0x000000070c700000, 0x000000070c800000|  0%| F|  |TAMS 0x000000070c700000, 0x000000070c700000| Untracked 
| 114|0x000000070c800000, 0x000000070c800000, 0x000000070c900000|  0%| F|  |TAMS 0x000000070c800000, 0x000000070c800000| Untracked 
| 115|0x000000070c900000, 0x000000070c900000, 0x000000070ca00000|  0%| F|  |TAMS 0x000000070c900000, 0x000000070c900000| Untracked 
| 116|0x000000070ca00000, 0x000000070ca00000, 0x000000070cb00000|  0%| F|  |TAMS 0x000000070ca00000, 0x000000070ca00000| Untracked 
| 117|0x000000070cb00000, 0x000000070cb00000, 0x000000070cc00000|  0%| F|  |TAMS 0x000000070cb00000, 0x000000070cb00000| Untracked 
| 118|0x000000070cc00000, 0x000000070cc00000, 0x000000070cd00000|  0%| F|  |TAMS 0x000000070cc00000, 0x000000070cc00000| Untracked 
| 119|0x000000070cd00000, 0x000000070cd00000, 0x000000070ce00000|  0%| F|  |TAMS 0x000000070cd00000, 0x000000070cd00000| Untracked 
| 120|0x000000070ce00000, 0x000000070ce00000, 0x000000070cf00000|  0%| F|  |TAMS 0x000000070ce00000, 0x000000070ce00000| Untracked 
| 121|0x000000070cf00000, 0x000000070cf00000, 0x000000070d000000|  0%| F|  |TAMS 0x000000070cf00000, 0x000000070cf00000| Untracked 
| 122|0x000000070d000000, 0x000000070d000000, 0x000000070d100000|  0%| F|  |TAMS 0x000000070d000000, 0x000000070d000000| Untracked 
| 123|0x000000070d100000, 0x000000070d100000, 0x000000070d200000|  0%| F|  |TAMS 0x000000070d100000, 0x000000070d100000| Untracked 
| 124|0x000000070d200000, 0x000000070d200000, 0x000000070d300000|  0%| F|  |TAMS 0x000000070d200000, 0x000000070d200000| Untracked 
| 125|0x000000070d300000, 0x000000070d300000, 0x000000070d400000|  0%| F|  |TAMS 0x000000070d300000, 0x000000070d300000| Untracked 
| 126|0x000000070d400000, 0x000000070d400000, 0x000000070d500000|  0%| F|  |TAMS 0x000000070d400000, 0x000000070d400000| Untracked 
| 127|0x000000070d500000, 0x000000070d500000, 0x000000070d600000|  0%| F|  |TAMS 0x000000070d500000, 0x000000070d500000| Untracked 
| 128|0x000000070d600000, 0x000000070d600000, 0x000000070d700000|  0%| F|  |TAMS 0x000000070d600000, 0x000000070d600000| Untracked 
| 129|0x000000070d700000, 0x000000070d700000, 0x000000070d800000|  0%| F|  |TAMS 0x000000070d700000, 0x000000070d700000| Untracked 
| 130|0x000000070d800000, 0x000000070d800000, 0x000000070d900000|  0%| F|  |TAMS 0x000000070d800000, 0x000000070d800000| Untracked 
| 131|0x000000070d900000, 0x000000070d900000, 0x000000070da00000|  0%| F|  |TAMS 0x000000070d900000, 0x000000070d900000| Untracked 
| 132|0x000000070da00000, 0x000000070da00000, 0x000000070db00000|  0%| F|  |TAMS 0x000000070da00000, 0x000000070da00000| Untracked 
| 133|0x000000070db00000, 0x000000070db00000, 0x000000070dc00000|  0%| F|  |TAMS 0x000000070db00000, 0x000000070db00000| Untracked 
| 134|0x000000070dc00000, 0x000000070dc00000, 0x000000070dd00000|  0%| F|  |TAMS 0x000000070dc00000, 0x000000070dc00000| Untracked 
| 135|0x000000070dd00000, 0x000000070dd00000, 0x000000070de00000|  0%| F|  |TAMS 0x000000070dd00000, 0x000000070dd00000| Untracked 
| 136|0x000000070de00000, 0x000000070de00000, 0x000000070df00000|  0%| F|  |TAMS 0x000000070de00000, 0x000000070de00000| Untracked 
| 137|0x000000070df00000, 0x000000070df00000, 0x000000070e000000|  0%| F|  |TAMS 0x000000070df00000, 0x000000070df00000| Untracked 
| 138|0x000000070e000000, 0x000000070e000000, 0x000000070e100000|  0%| F|  |TAMS 0x000000070e000000, 0x000000070e000000| Untracked 
| 139|0x000000070e100000, 0x000000070e100000, 0x000000070e200000|  0%| F|  |TAMS 0x000000070e100000, 0x000000070e100000| Untracked 
| 140|0x000000070e200000, 0x000000070e200000, 0x000000070e300000|  0%| F|  |TAMS 0x000000070e200000, 0x000000070e200000| Untracked 
| 141|0x000000070e300000, 0x000000070e300000, 0x000000070e400000|  0%| F|  |TAMS 0x000000070e300000, 0x000000070e300000| Untracked 
| 142|0x000000070e400000, 0x000000070e400000, 0x000000070e500000|  0%| F|  |TAMS 0x000000070e400000, 0x000000070e400000| Untracked 
| 143|0x000000070e500000, 0x000000070e500000, 0x000000070e600000|  0%| F|  |TAMS 0x000000070e500000, 0x000000070e500000| Untracked 
| 144|0x000000070e600000, 0x000000070e600000, 0x000000070e700000|  0%| F|  |TAMS 0x000000070e600000, 0x000000070e600000| Untracked 
| 145|0x000000070e700000, 0x000000070e700000, 0x000000070e800000|  0%| F|  |TAMS 0x000000070e700000, 0x000000070e700000| Untracked 
| 146|0x000000070e800000, 0x000000070e800000, 0x000000070e900000|  0%| F|  |TAMS 0x000000070e800000, 0x000000070e800000| Untracked 
| 147|0x000000070e900000, 0x000000070e900000, 0x000000070ea00000|  0%| F|  |TAMS 0x000000070e900000, 0x000000070e900000| Untracked 
| 148|0x000000070ea00000, 0x000000070ea00000, 0x000000070eb00000|  0%| F|  |TAMS 0x000000070ea00000, 0x000000070ea00000| Untracked 
| 149|0x000000070eb00000, 0x000000070eb00000, 0x000000070ec00000|  0%| F|  |TAMS 0x000000070eb00000, 0x000000070eb00000| Untracked 
| 150|0x000000070ec00000, 0x000000070ec00000, 0x000000070ed00000|  0%| F|  |TAMS 0x000000070ec00000, 0x000000070ec00000| Untracked 
| 151|0x000000070ed00000, 0x000000070ed00000, 0x000000070ee00000|  0%| F|  |TAMS 0x000000070ed00000, 0x000000070ed00000| Untracked 
| 152|0x000000070ee00000, 0x000000070ee00000, 0x000000070ef00000|  0%| F|  |TAMS 0x000000070ee00000, 0x000000070ee00000| Untracked 
| 153|0x000000070ef00000, 0x000000070ef00000, 0x000000070f000000|  0%| F|  |TAMS 0x000000070ef00000, 0x000000070ef00000| Untracked 
| 154|0x000000070f000000, 0x000000070f000000, 0x000000070f100000|  0%| F|  |TAMS 0x000000070f000000, 0x000000070f000000| Untracked 
| 155|0x000000070f100000, 0x000000070f100000, 0x000000070f200000|  0%| F|  |TAMS 0x000000070f100000, 0x000000070f100000| Untracked 
| 156|0x000000070f200000, 0x000000070f200000, 0x000000070f300000|  0%| F|  |TAMS 0x000000070f200000, 0x000000070f200000| Untracked 
| 157|0x000000070f300000, 0x000000070f300000, 0x000000070f400000|  0%| F|  |TAMS 0x000000070f300000, 0x000000070f300000| Untracked 
| 158|0x000000070f400000, 0x000000070f400000, 0x000000070f500000|  0%| F|  |TAMS 0x000000070f400000, 0x000000070f400000| Untracked 
| 159|0x000000070f500000, 0x000000070f500000, 0x000000070f600000|  0%| F|  |TAMS 0x000000070f500000, 0x000000070f500000| Untracked 
| 160|0x000000070f600000, 0x000000070f600000, 0x000000070f700000|  0%| F|  |TAMS 0x000000070f600000, 0x000000070f600000| Untracked 
| 161|0x000000070f700000, 0x000000070f700000, 0x000000070f800000|  0%| F|  |TAMS 0x000000070f700000, 0x000000070f700000| Untracked 
| 162|0x000000070f800000, 0x000000070f800000, 0x000000070f900000|  0%| F|  |TAMS 0x000000070f800000, 0x000000070f800000| Untracked 
| 163|0x000000070f900000, 0x000000070f900000, 0x000000070fa00000|  0%| F|  |TAMS 0x000000070f900000, 0x000000070f900000| Untracked 
| 164|0x000000070fa00000, 0x000000070fa00000, 0x000000070fb00000|  0%| F|  |TAMS 0x000000070fa00000, 0x000000070fa00000| Untracked 
| 165|0x000000070fb00000, 0x000000070fb00000, 0x000000070fc00000|  0%| F|  |TAMS 0x000000070fb00000, 0x000000070fb00000| Untracked 
| 166|0x000000070fc00000, 0x000000070fc00000, 0x000000070fd00000|  0%| F|  |TAMS 0x000000070fc00000, 0x000000070fc00000| Untracked 
| 167|0x000000070fd00000, 0x000000070fd00000, 0x000000070fe00000|  0%| F|  |TAMS 0x000000070fd00000, 0x000000070fd00000| Untracked 
| 168|0x000000070fe00000, 0x000000070fe00000, 0x000000070ff00000|  0%| F|  |TAMS 0x000000070fe00000, 0x000000070fe00000| Untracked 
| 169|0x000000070ff00000, 0x000000070ff00000, 0x0000000710000000|  0%| F|  |TAMS 0x000000070ff00000, 0x000000070ff00000| Untracked 
| 170|0x0000000710000000, 0x0000000710000000, 0x0000000710100000|  0%| F|  |TAMS 0x0000000710000000, 0x0000000710000000| Untracked 
| 171|0x0000000710100000, 0x0000000710100000, 0x0000000710200000|  0%| F|  |TAMS 0x0000000710100000, 0x0000000710100000| Untracked 
| 172|0x0000000710200000, 0x0000000710200000, 0x0000000710300000|  0%| F|  |TAMS 0x0000000710200000, 0x0000000710200000| Untracked 
| 173|0x0000000710300000, 0x0000000710300000, 0x0000000710400000|  0%| F|  |TAMS 0x0000000710300000, 0x0000000710300000| Untracked 
| 174|0x0000000710400000, 0x0000000710400000, 0x0000000710500000|  0%| F|  |TAMS 0x0000000710400000, 0x0000000710400000| Untracked 
| 175|0x0000000710500000, 0x0000000710500000, 0x0000000710600000|  0%| F|  |TAMS 0x0000000710500000, 0x0000000710500000| Untracked 
| 176|0x0000000710600000, 0x0000000710600000, 0x0000000710700000|  0%| F|  |TAMS 0x0000000710600000, 0x0000000710600000| Untracked 
| 177|0x0000000710700000, 0x0000000710700000, 0x0000000710800000|  0%| F|  |TAMS 0x0000000710700000, 0x0000000710700000| Untracked 
| 178|0x0000000710800000, 0x0000000710800000, 0x0000000710900000|  0%| F|  |TAMS 0x0000000710800000, 0x0000000710800000| Untracked 
| 179|0x0000000710900000, 0x0000000710900000, 0x0000000710a00000|  0%| F|  |TAMS 0x0000000710900000, 0x0000000710900000| Untracked 
| 180|0x0000000710a00000, 0x0000000710a00000, 0x0000000710b00000|  0%| F|  |TAMS 0x0000000710a00000, 0x0000000710a00000| Untracked 
| 181|0x0000000710b00000, 0x0000000710b00000, 0x0000000710c00000|  0%| F|  |TAMS 0x0000000710b00000, 0x0000000710b00000| Untracked 
| 182|0x0000000710c00000, 0x0000000710c00000, 0x0000000710d00000|  0%| F|  |TAMS 0x0000000710c00000, 0x0000000710c00000| Untracked 
| 183|0x0000000710d00000, 0x0000000710d00000, 0x0000000710e00000|  0%| F|  |TAMS 0x0000000710d00000, 0x0000000710d00000| Untracked 
| 184|0x0000000710e00000, 0x0000000710e00000, 0x0000000710f00000|  0%| F|  |TAMS 0x0000000710e00000, 0x0000000710e00000| Untracked 
| 185|0x0000000710f00000, 0x0000000710f00000, 0x0000000711000000|  0%| F|  |TAMS 0x0000000710f00000, 0x0000000710f00000| Untracked 
| 186|0x0000000711000000, 0x0000000711000000, 0x0000000711100000|  0%| F|  |TAMS 0x0000000711000000, 0x0000000711000000| Untracked 
| 187|0x0000000711100000, 0x0000000711100000, 0x0000000711200000|  0%| F|  |TAMS 0x0000000711100000, 0x0000000711100000| Untracked 
| 188|0x0000000711200000, 0x0000000711200000, 0x0000000711300000|  0%| F|  |TAMS 0x0000000711200000, 0x0000000711200000| Untracked 
| 189|0x0000000711300000, 0x0000000711300000, 0x0000000711400000|  0%| F|  |TAMS 0x0000000711300000, 0x0000000711300000| Untracked 
| 190|0x0000000711400000, 0x0000000711400000, 0x0000000711500000|  0%| F|  |TAMS 0x0000000711400000, 0x0000000711400000| Untracked 
| 191|0x0000000711500000, 0x0000000711500000, 0x0000000711600000|  0%| F|  |TAMS 0x0000000711500000, 0x0000000711500000| Untracked 
| 192|0x0000000711600000, 0x0000000711600000, 0x0000000711700000|  0%| F|  |TAMS 0x0000000711600000, 0x0000000711600000| Untracked 
| 193|0x0000000711700000, 0x0000000711700000, 0x0000000711800000|  0%| F|  |TAMS 0x0000000711700000, 0x0000000711700000| Untracked 
| 194|0x0000000711800000, 0x0000000711800000, 0x0000000711900000|  0%| F|  |TAMS 0x0000000711800000, 0x0000000711800000| Untracked 
| 195|0x0000000711900000, 0x0000000711900000, 0x0000000711a00000|  0%| F|  |TAMS 0x0000000711900000, 0x0000000711900000| Untracked 
| 196|0x0000000711a00000, 0x0000000711a00000, 0x0000000711b00000|  0%| F|  |TAMS 0x0000000711a00000, 0x0000000711a00000| Untracked 
| 197|0x0000000711b00000, 0x0000000711b00000, 0x0000000711c00000|  0%| F|  |TAMS 0x0000000711b00000, 0x0000000711b00000| Untracked 
| 198|0x0000000711c00000, 0x0000000711c00000, 0x0000000711d00000|  0%| F|  |TAMS 0x0000000711c00000, 0x0000000711c00000| Untracked 
| 199|0x0000000711d00000, 0x0000000711d00000, 0x0000000711e00000|  0%| F|  |TAMS 0x0000000711d00000, 0x0000000711d00000| Untracked 
| 200|0x0000000711e00000, 0x0000000711e00000, 0x0000000711f00000|  0%| F|  |TAMS 0x0000000711e00000, 0x0000000711e00000| Untracked 
| 201|0x0000000711f00000, 0x0000000711f00000, 0x0000000712000000|  0%| F|  |TAMS 0x0000000711f00000, 0x0000000711f00000| Untracked 
| 202|0x0000000712000000, 0x0000000712000000, 0x0000000712100000|  0%| F|  |TAMS 0x0000000712000000, 0x0000000712000000| Untracked 
| 203|0x0000000712100000, 0x0000000712100000, 0x0000000712200000|  0%| F|  |TAMS 0x0000000712100000, 0x0000000712100000| Untracked 
| 204|0x0000000712200000, 0x0000000712200000, 0x0000000712300000|  0%| F|  |TAMS 0x0000000712200000, 0x0000000712200000| Untracked 
| 205|0x0000000712300000, 0x0000000712300000, 0x0000000712400000|  0%| F|  |TAMS 0x0000000712300000, 0x0000000712300000| Untracked 
| 206|0x0000000712400000, 0x0000000712400000, 0x0000000712500000|  0%| F|  |TAMS 0x0000000712400000, 0x0000000712400000| Untracked 
| 207|0x0000000712500000, 0x0000000712500000, 0x0000000712600000|  0%| F|  |TAMS 0x0000000712500000, 0x0000000712500000| Untracked 
| 208|0x0000000712600000, 0x0000000712600000, 0x0000000712700000|  0%| F|  |TAMS 0x0000000712600000, 0x0000000712600000| Untracked 
| 209|0x0000000712700000, 0x0000000712700000, 0x0000000712800000|  0%| F|  |TAMS 0x0000000712700000, 0x0000000712700000| Untracked 
| 210|0x0000000712800000, 0x0000000712800000, 0x0000000712900000|  0%| F|  |TAMS 0x0000000712800000, 0x0000000712800000| Untracked 
| 211|0x0000000712900000, 0x0000000712900000, 0x0000000712a00000|  0%| F|  |TAMS 0x0000000712900000, 0x0000000712900000| Untracked 
| 212|0x0000000712a00000, 0x0000000712a00000, 0x0000000712b00000|  0%| F|  |TAMS 0x0000000712a00000, 0x0000000712a00000| Untracked 
| 213|0x0000000712b00000, 0x0000000712b00000, 0x0000000712c00000|  0%| F|  |TAMS 0x0000000712b00000, 0x0000000712b00000| Untracked 
| 214|0x0000000712c00000, 0x0000000712c00000, 0x0000000712d00000|  0%| F|  |TAMS 0x0000000712c00000, 0x0000000712c00000| Untracked 
| 215|0x0000000712d00000, 0x0000000712d00000, 0x0000000712e00000|  0%| F|  |TAMS 0x0000000712d00000, 0x0000000712d00000| Untracked 
| 216|0x0000000712e00000, 0x0000000712e00000, 0x0000000712f00000|  0%| F|  |TAMS 0x0000000712e00000, 0x0000000712e00000| Untracked 
| 217|0x0000000712f00000, 0x0000000712f00000, 0x0000000713000000|  0%| F|  |TAMS 0x0000000712f00000, 0x0000000712f00000| Untracked 
| 218|0x0000000713000000, 0x0000000713000000, 0x0000000713100000|  0%| F|  |TAMS 0x0000000713000000, 0x0000000713000000| Untracked 
| 219|0x0000000713100000, 0x0000000713100000, 0x0000000713200000|  0%| F|  |TAMS 0x0000000713100000, 0x0000000713100000| Untracked 
| 220|0x0000000713200000, 0x0000000713200000, 0x0000000713300000|  0%| F|  |TAMS 0x0000000713200000, 0x0000000713200000| Untracked 
| 221|0x0000000713300000, 0x0000000713300000, 0x0000000713400000|  0%| F|  |TAMS 0x0000000713300000, 0x0000000713300000| Untracked 
| 222|0x0000000713400000, 0x0000000713400000, 0x0000000713500000|  0%| F|  |TAMS 0x0000000713400000, 0x0000000713400000| Untracked 
| 223|0x0000000713500000, 0x0000000713500000, 0x0000000713600000|  0%| F|  |TAMS 0x0000000713500000, 0x0000000713500000| Untracked 
| 224|0x0000000713600000, 0x0000000713600000, 0x0000000713700000|  0%| F|  |TAMS 0x0000000713600000, 0x0000000713600000| Untracked 
| 225|0x0000000713700000, 0x0000000713700000, 0x0000000713800000|  0%| F|  |TAMS 0x0000000713700000, 0x0000000713700000| Untracked 
| 226|0x0000000713800000, 0x0000000713900000, 0x0000000713900000|100%| E|  |TAMS 0x0000000713800000, 0x0000000713800000| Complete 
| 227|0x0000000713900000, 0x0000000713a00000, 0x0000000713a00000|100%| E|CS|TAMS 0x0000000713900000, 0x0000000713900000| Complete 
| 228|0x0000000713a00000, 0x0000000713b00000, 0x0000000713b00000|100%| E|CS|TAMS 0x0000000713a00000, 0x0000000713a00000| Complete 
| 229|0x0000000713b00000, 0x0000000713c00000, 0x0000000713c00000|100%| E|CS|TAMS 0x0000000713b00000, 0x0000000713b00000| Complete 
| 230|0x0000000713c00000, 0x0000000713d00000, 0x0000000713d00000|100%| E|CS|TAMS 0x0000000713c00000, 0x0000000713c00000| Complete 
| 231|0x0000000713d00000, 0x0000000713e00000, 0x0000000713e00000|100%| E|CS|TAMS 0x0000000713d00000, 0x0000000713d00000| Complete 
| 232|0x0000000713e00000, 0x0000000713f00000, 0x0000000713f00000|100%| E|CS|TAMS 0x0000000713e00000, 0x0000000713e00000| Complete 
| 233|0x0000000713f00000, 0x0000000714000000, 0x0000000714000000|100%| E|CS|TAMS 0x0000000713f00000, 0x0000000713f00000| Complete 
| 234|0x0000000714000000, 0x0000000714100000, 0x0000000714100000|100%| E|CS|TAMS 0x0000000714000000, 0x0000000714000000| Complete 
| 235|0x0000000714100000, 0x0000000714200000, 0x0000000714200000|100%| E|CS|TAMS 0x0000000714100000, 0x0000000714100000| Complete 
| 236|0x0000000714200000, 0x0000000714300000, 0x0000000714300000|100%| E|CS|TAMS 0x0000000714200000, 0x0000000714200000| Complete 
| 237|0x0000000714300000, 0x0000000714400000, 0x0000000714400000|100%| E|CS|TAMS 0x0000000714300000, 0x0000000714300000| Complete 
| 238|0x0000000714400000, 0x0000000714412ea0, 0x0000000714500000|  7%| S|CS|TAMS 0x0000000714400000, 0x0000000714400000| Complete 
| 239|0x0000000714500000, 0x0000000714600000, 0x0000000714600000|100%| E|CS|TAMS 0x0000000714500000, 0x0000000714500000| Complete 
| 240|0x0000000714600000, 0x0000000714700000, 0x0000000714700000|100%| S|CS|TAMS 0x0000000714600000, 0x0000000714600000| Complete 
| 241|0x0000000714700000, 0x0000000714800000, 0x0000000714800000|100%| E|CS|TAMS 0x0000000714700000, 0x0000000714700000| Complete 
| 242|0x0000000714800000, 0x0000000714900000, 0x0000000714900000|100%| E|CS|TAMS 0x0000000714800000, 0x0000000714800000| Complete 
| 243|0x0000000714900000, 0x0000000714a00000, 0x0000000714a00000|100%| E|CS|TAMS 0x0000000714900000, 0x0000000714900000| Complete 
| 244|0x0000000714a00000, 0x0000000714b00000, 0x0000000714b00000|100%| E|CS|TAMS 0x0000000714a00000, 0x0000000714a00000| Complete 
| 245|0x0000000714b00000, 0x0000000714c00000, 0x0000000714c00000|100%| E|CS|TAMS 0x0000000714b00000, 0x0000000714b00000| Complete 
| 246|0x0000000714c00000, 0x0000000714d00000, 0x0000000714d00000|100%| E|CS|TAMS 0x0000000714c00000, 0x0000000714c00000| Complete 
| 247|0x0000000714d00000, 0x0000000714e00000, 0x0000000714e00000|100%| E|CS|TAMS 0x0000000714d00000, 0x0000000714d00000| Complete 
| 248|0x0000000714e00000, 0x0000000714f00000, 0x0000000714f00000|100%| E|CS|TAMS 0x0000000714e00000, 0x0000000714e00000| Complete 
| 249|0x0000000714f00000, 0x0000000715000000, 0x0000000715000000|100%| E|CS|TAMS 0x0000000714f00000, 0x0000000714f00000| Complete 
| 250|0x0000000715000000, 0x0000000715100000, 0x0000000715100000|100%| E|CS|TAMS 0x0000000715000000, 0x0000000715000000| Complete 
| 251|0x0000000715100000, 0x0000000715200000, 0x0000000715200000|100%| E|CS|TAMS 0x0000000715100000, 0x0000000715100000| Complete 

Card table byte_map: [0x000001b56ecd0000,0x000001b56f4b0000] _byte_map_base: 0x000001b56b4a5000

Marking Bits (Prev, Next): (CMBitMap*) 0x000001b556ec77c0, (CMBitMap*) 0x000001b556ec7788
 Prev Bits: [0x000001b573b40000, 0x000001b5779e8000)
 Next Bits: [0x000001b56fc90000, 0x000001b573b38000)

Polling page: 0x000001b554d10000

Metaspace:

Usage:
  Non-class:     21.99 MB capacity,    21.79 MB (>99%) used,   166.16 KB ( <1%) free+waste,    36.69 KB ( <1%) overhead. 
      Class:      3.03 MB capacity,     2.92 MB ( 96%) used,    96.91 KB (  3%) free+waste,    16.38 KB ( <1%) overhead. 
       Both:     25.02 MB capacity,    24.71 MB ( 99%) used,   263.06 KB (  1%) free+waste,    53.06 KB ( <1%) overhead. 

Virtual space:
  Non-class space:       24.00 MB reserved,      22.25 MB ( 93%) committed 
      Class space:        1.00 GB reserved,       3.13 MB ( <1%) committed 
             Both:        1.02 GB reserved,      25.38 MB (  2%) committed 

Chunk freelists:
   Non-Class:  1.38 KB
       Class:  0 bytes
        Both:  1.38 KB

CodeHeap 'non-profiled nmethods': size=120000Kb used=809Kb max_used=809Kb free=119190Kb
 bounds [0x000001b566c70000, 0x000001b566ee0000, 0x000001b56e1a0000]
CodeHeap 'profiled nmethods': size=120000Kb used=4194Kb max_used=4194Kb free=115805Kb
 bounds [0x000001b55f740000, 0x000001b55fb60000, 0x000001b566c70000]
CodeHeap 'non-nmethods': size=5760Kb used=1165Kb max_used=1176Kb free=4594Kb
 bounds [0x000001b55f1a0000, 0x000001b55f410000, 0x000001b55f740000]
 total_blobs=3005 nmethods=2008 adapters=396
 compilation: enabled
              stopped_count=0, restarted_count=0
 full_count=0

Compilation events (10 events):
Event: 6.783 Thread 0x000001b57ae7a800 nmethod 1989 0x000001b55fb41d10 code [0x000001b55fb41f00, 0x000001b55fb42340]
Event: 6.783 Thread 0x000001b57ae7a800 1992       3       sun.util.locale.LanguageTag::parsePrivateuse (144 bytes)
Event: 6.784 Thread 0x000001b57ae7a800 nmethod 1992 0x000001b55fb42490 code [0x000001b55fb427e0, 0x000001b55fb43bc0]
Event: 6.784 Thread 0x000001b57ae7a800 1993       3       sun.util.locale.InternalLocaleBuilder::setLanguageTag (172 bytes)
Event: 6.786 Thread 0x000001b57ae7a800 nmethod 1993 0x000001b55fb44290 code [0x000001b55fb448a0, 0x000001b55fb484f0]
Event: 6.787 Thread 0x000001b57ae7a800 1994       3       sun.util.locale.InternalLocaleBuilder::clear (31 bytes)
Event: 6.787 Thread 0x000001b57ae7a800 nmethod 1994 0x000001b55fb49390 code [0x000001b55fb49560, 0x000001b55fb498f0]
Event: 6.787 Thread 0x000001b57ae7a800 1995       3       sun.util.locale.LanguageTag::getExtlangs (24 bytes)
Event: 6.787 Thread 0x000001b57ae7a800 nmethod 1995 0x000001b55fb49990 code [0x000001b55fb49c00, 0x000001b55fb4a7f0]
Event: 6.787 Thread 0x000001b57ae7a800 1996       3       sun.util.locale.InternalLocaleBuilder::setExtensions (206 bytes)

GC Heap History (6 events):
Event: 1.785 GC heap before
{Heap before GC invocations=0 (full 0):
 garbage-first heap   total 258048K, used 24576K [0x0000000705600000, 0x0000000800000000)
  region size 1024K, 24 young (24576K), 0 survivors (0K)
 Metaspace       used 16345K, capacity 16631K, committed 16768K, reserved 1064960K
  class space    used 1694K, capacity 1793K, committed 1920K, reserved 1048576K
}
Event: 1.795 GC heap after
{Heap after GC invocations=1 (full 0):
 garbage-first heap   total 258048K, used 8996K [0x0000000705600000, 0x0000000800000000)
  region size 1024K, 3 young (3072K), 3 survivors (3072K)
 Metaspace       used 16345K, capacity 16631K, committed 16768K, reserved 1064960K
  class space    used 1694K, capacity 1793K, committed 1920K, reserved 1048576K
}
Event: 2.193 GC heap before
{Heap before GC invocations=1 (full 0):
 garbage-first heap   total 258048K, used 21284K [0x0000000705600000, 0x0000000800000000)
  region size 1024K, 15 young (15360K), 3 survivors (3072K)
 Metaspace       used 19621K, capacity 19840K, committed 20096K, reserved 1067008K
  class space    used 2066K, capacity 2159K, committed 2176K, reserved 1048576K
}
Event: 2.198 GC heap after
{Heap after GC invocations=2 (full 0):
 garbage-first heap   total 258048K, used 9772K [0x0000000705600000, 0x0000000800000000)
  region size 1024K, 1 young (1024K), 1 survivors (1024K)
 Metaspace       used 19621K, capacity 19840K, committed 20096K, reserved 1067008K
  class space    used 2066K, capacity 2159K, committed 2176K, reserved 1048576K
}
Event: 2.462 GC heap before
{Heap before GC invocations=2 (full 0):
 garbage-first heap   total 258048K, used 20012K [0x0000000705600000, 0x0000000800000000)
  region size 1024K, 12 young (12288K), 1 survivors (1024K)
 Metaspace       used 20899K, capacity 21176K, committed 21248K, reserved 1069056K
  class space    used 2411K, capacity 2516K, committed 2560K, reserved 1048576K
}
Event: 2.464 GC heap after
{Heap after GC invocations=3 (full 0):
 garbage-first heap   total 258048K, used 10083K [0x0000000705600000, 0x0000000800000000)
  region size 1024K, 2 young (2048K), 2 survivors (2048K)
 Metaspace       used 20899K, capacity 21176K, committed 21248K, reserved 1069056K
  class space    used 2411K, capacity 2516K, committed 2560K, reserved 1048576K
}

Deoptimization events (10 events):
Event: 2.648 Thread 0x000001b556e63000 Uncommon trap: reason=class_check action=maybe_recompile pc=0x000001b566c8da3c method=java.lang.String.equals(Ljava/lang/Object;)Z @ 8 c2
Event: 2.648 Thread 0x000001b556e63000 Uncommon trap: reason=class_check action=maybe_recompile pc=0x000001b566c8da3c method=java.lang.String.equals(Ljava/lang/Object;)Z @ 8 c2
Event: 2.648 Thread 0x000001b556e63000 Uncommon trap: reason=class_check action=maybe_recompile pc=0x000001b566c8da3c method=java.lang.String.equals(Ljava/lang/Object;)Z @ 8 c2
Event: 2.664 Thread 0x000001b556e63000 Uncommon trap: reason=unstable_if action=reinterpret pc=0x000001b566cdfdc4 method=java.util.regex.Matcher.reset()Ljava/util/regex/Matcher; @ 71 c2
Event: 2.763 Thread 0x000001b556e63000 Uncommon trap: reason=unstable_if action=reinterpret pc=0x000001b566d21174 method=java.lang.String.replace(CC)Ljava/lang/String; @ 2 c2
Event: 6.612 Thread 0x000001b556e63000 Uncommon trap: reason=unstable_if action=reinterpret pc=0x000001b566d1dc18 method=java.util.regex.Pattern$BmpCharProperty.match(Ljava/util/regex/Matcher;ILjava/lang/CharSequence;)Z @ 39 c2
Event: 6.676 Thread 0x000001b556e63000 Uncommon trap: reason=unstable_if action=reinterpret pc=0x000001b566c8c43c method=java.lang.StringLatin1.canEncode(I)Z @ 4 c2
Event: 6.676 Thread 0x000001b556e63000 Uncommon trap: reason=unstable_if action=reinterpret pc=0x000001b566ca1a78 method=java.lang.AbstractStringBuilder.isLatin1()Z @ 10 c2
Event: 6.692 Thread 0x000001b556e63000 Uncommon trap: reason=unstable_if action=reinterpret pc=0x000001b566c8f020 method=java.lang.StringLatin1.canEncode(I)Z @ 4 c2
Event: 6.703 Thread 0x000001b556e63000 Uncommon trap: reason=unstable_if action=reinterpret pc=0x000001b566ccd794 method=java.util.HashMap.hash(Ljava/lang/Object;)I @ 1 c2

Classes redefined (0 events):
No events

Internal exceptions (10 events):
Event: 2.788 Thread 0x000001b57c418800 Exception <a 'java/lang/NoSuchMethodError'{0x000000071431c768}: java.lang.invoke.DirectMethodHandle$Holder.invokeStatic(Ljava/lang/Object;J)Ljava/lang/Object;> (0x000000071431c768) thrown at [t:/workspace/open/src/hotspot/share/interpreter/linkResolver.cp
Event: 2.792 Thread 0x000001b57c418800 Exception <a 'java/lang/NoSuchMethodError'{0x000000071432a558}: java.lang.invoke.DirectMethodHandle$Holder.invokeStaticInit(Ljava/lang/Object;Ljava/lang/Object;JLjava/lang/Object;)Ljava/lang/Object;> (0x000000071432a558) thrown at [t:/workspace/open/src/h
Event: 2.793 Thread 0x000001b57c418800 Exception <a 'java/lang/NoSuchMethodError'{0x0000000714330198}: java.lang.invoke.DirectMethodHandle$Holder.invokeStatic(Ljava/lang/Object;Ljava/lang/Object;J)Ljava/lang/Object;> (0x0000000714330198) thrown at [t:/workspace/open/src/hotspot/share/interpret
Event: 2.795 Thread 0x000001b57c418800 Exception <a 'java/lang/NoSuchMethodError'{0x0000000714336468}: java.lang.invoke.Invokers$Holder.linkToTargetMethod(Ljava/lang/Object;JLjava/lang/Object;)Ljava/lang/Object;> (0x0000000714336468) thrown at [t:/workspace/open/src/hotspot/share/interpreter/l
Event: 4.849 Thread 0x000001b57ca47800 Exception <a 'java/net/SocketTimeoutException'{0x0000000714002090}: connect timed out> (0x0000000714002090) thrown at [t:/workspace/open/src/hotspot/share/prims/jni.cpp, line 636]
Event: 5.371 Thread 0x000001b57ca47800 Exception <a 'java/net/SocketTimeoutException'{0x00000007140031f8}: connect timed out> (0x00000007140031f8) thrown at [t:/workspace/open/src/hotspot/share/prims/jni.cpp, line 636]
Event: 5.911 Thread 0x000001b57ca47800 Exception <a 'java/net/SocketTimeoutException'{0x0000000714004108}: connect timed out> (0x0000000714004108) thrown at [t:/workspace/open/src/hotspot/share/prims/jni.cpp, line 636]
Event: 6.466 Thread 0x000001b57ca47800 Exception <a 'java/net/SocketTimeoutException'{0x0000000714005018}: connect timed out> (0x0000000714005018) thrown at [t:/workspace/open/src/hotspot/share/prims/jni.cpp, line 636]
Event: 6.687 Thread 0x000001b556e63000 Exception <a 'java/lang/NoSuchMethodError'{0x0000000713ef6f18}: java.lang.invoke.DirectMethodHandle$Holder.invokeStatic(Ljava/lang/Object;Ljava/lang/Object;Ljava/lang/Object;Ljava/lang/Object;Ljava/lang/Object;Ljava/lang/Object;)V> (0x0000000713ef6f18) th
Event: 6.703 Thread 0x000001b556e63000 Implicit null exception at 0x000001b566ccd6f8 to 0x000001b566ccd78a

Events (10 events):
Event: 6.786 loading class org/openqa/selenium/WebDriver$Navigation
Event: 6.786 loading class org/openqa/selenium/WebDriver$Navigation done
Event: 6.786 loading class org/openqa/selenium/WebDriver$TargetLocator
Event: 6.786 loading class org/openqa/selenium/WebDriver$TargetLocator done
Event: 6.786 loading class org/openqa/selenium/interactions/Keyboard
Event: 6.786 loading class org/openqa/selenium/interactions/Keyboard done
Event: 6.787 loading class io/appium/java_client/imagecomparison/BaseComparisonOptions
Event: 6.787 loading class io/appium/java_client/imagecomparison/BaseComparisonOptions done
Event: 6.787 loading class io/appium/java_client/imagecomparison/FeaturesMatchingOptions
Event: 6.787 loading class io/appium/java_client/imagecomparison/FeaturesMatchingOptions done


Dynamic libraries:
0x00007ff73a9b0000 - 0x00007ff73a9f7000 	C:\Program Files\Java\jdk-11.0.3\bin\javaw.exe
0x00007ffd1e870000 - 0x00007ffd1ea65000 	C:\Windows\SYSTEM32\ntdll.dll
0x00007ffd1e3f0000 - 0x00007ffd1e4ae000 	C:\Windows\System32\KERNEL32.DLL
0x00007ffd1c4f0000 - 0x00007ffd1c7b8000 	C:\Windows\System32\KERNELBASE.dll
0x00007ffd1e5a0000 - 0x00007ffd1e64e000 	C:\Windows\System32\ADVAPI32.dll
0x00007ffd1dee0000 - 0x00007ffd1df7e000 	C:\Windows\System32\msvcrt.dll
0x00007ffd1d0c0000 - 0x00007ffd1d15c000 	C:\Windows\System32\sechost.dll
0x00007ffd1d1d0000 - 0x00007ffd1d2f5000 	C:\Windows\System32\RPCRT4.dll
0x00007ffd1cd10000 - 0x00007ffd1ceb0000 	C:\Windows\System32\USER32.dll
0x00007ffd1c3c0000 - 0x00007ffd1c3e2000 	C:\Windows\System32\win32u.dll
0x00007ffd1e570000 - 0x00007ffd1e59b000 	C:\Windows\System32\GDI32.dll
0x00007ffd1c7c0000 - 0x00007ffd1c8cb000 	C:\Windows\System32\gdi32full.dll
0x00007ffd1bf90000 - 0x00007ffd1c02d000 	C:\Windows\System32\msvcp_win.dll
0x00007ffd1c290000 - 0x00007ffd1c390000 	C:\Windows\System32\ucrtbase.dll
0x00007ffd10a00000 - 0x00007ffd10a0a000 	C:\Windows\SYSTEM32\VERSION.dll
0x00007ffd02810000 - 0x00007ffd02aaa000 	C:\Windows\WinSxS\amd64_microsoft.windows.common-controls_6595b64144ccf1df_6.0.19041.1110_none_60b5254171f9507e\COMCTL32.dll
0x00007ffd1c950000 - 0x00007ffd1c980000 	C:\Windows\System32\IMM32.DLL
0x00007ffd09f90000 - 0x00007ffd09fa6000 	C:\Program Files\Java\jdk-11.0.3\bin\vcruntime140.dll
0x00007ffcb52f0000 - 0x00007ffcb539a000 	C:\Program Files\Java\jdk-11.0.3\bin\msvcp140.dll
0x00007ffca9bc0000 - 0x00007ffcaa6e7000 	C:\Program Files\Java\jdk-11.0.3\bin\server\jvm.dll
0x00007ffcf4ca0000 - 0x00007ffcf4cc7000 	C:\Windows\SYSTEM32\WINMM.dll
0x00007ffd1e820000 - 0x00007ffd1e828000 	C:\Windows\System32\PSAPI.DLL
0x00007ffcdb5f0000 - 0x00007ffcdb5f9000 	C:\Windows\SYSTEM32\WSOCK32.dll
0x00007ffd1d160000 - 0x00007ffd1d1cb000 	C:\Windows\System32\WS2_32.dll
0x00007ffd1a860000 - 0x00007ffd1a872000 	C:\Windows\SYSTEM32\kernel.appcore.dll
0x00007ffd08b30000 - 0x00007ffd08b41000 	C:\Program Files\Java\jdk-11.0.3\bin\verify.dll
0x00007ffd19d50000 - 0x00007ffd19f34000 	C:\Windows\SYSTEM32\DBGHELP.DLL
0x00007ffd03d20000 - 0x00007ffd03d4c000 	C:\Windows\SYSTEM32\dbgcore.DLL
0x00007ffd1c030000 - 0x00007ffd1c0b2000 	C:\Windows\System32\bcryptPrimitives.dll
0x00007ffce4af0000 - 0x00007ffce4b19000 	C:\Program Files\Java\jdk-11.0.3\bin\java.dll
0x00007ffce9740000 - 0x00007ffce9756000 	C:\Program Files\Java\jdk-11.0.3\bin\zip.dll
0x00007ffd08ce0000 - 0x00007ffd08cea000 	C:\Program Files\Java\jdk-11.0.3\bin\jimage.dll
0x00007ffd1d360000 - 0x00007ffd1daa4000 	C:\Windows\System32\SHELL32.dll
0x00007ffd19f70000 - 0x00007ffd1a704000 	C:\Windows\SYSTEM32\windows.storage.dll
0x00007ffd1dac0000 - 0x00007ffd1de14000 	C:\Windows\System32\combase.dll
0x00007ffd1b9f0000 - 0x00007ffd1ba1c000 	C:\Windows\SYSTEM32\Wldp.dll
0x00007ffd1e770000 - 0x00007ffd1e81d000 	C:\Windows\System32\SHCORE.dll
0x00007ffd1e510000 - 0x00007ffd1e565000 	C:\Windows\System32\shlwapi.dll
0x00007ffd1bed0000 - 0x00007ffd1beef000 	C:\Windows\SYSTEM32\profapi.dll
0x00007ffce90e0000 - 0x00007ffce90f9000 	C:\Program Files\Java\jdk-11.0.3\bin\net.dll
0x00007ffd1afe0000 - 0x00007ffd1b0e9000 	C:\Windows\SYSTEM32\WINHTTP.dll
0x00007ffd07a10000 - 0x00007ffd07bfc000 	C:\Windows\SYSTEM32\urlmon.dll
0x00007ffd09210000 - 0x00007ffd094c1000 	C:\Windows\SYSTEM32\iertutil.dll
0x00007ffd1b430000 - 0x00007ffd1b43c000 	C:\Windows\SYSTEM32\netutils.dll
0x00007ffd079e0000 - 0x00007ffd07a08000 	C:\Windows\SYSTEM32\srvcli.dll
0x00007ffd1b750000 - 0x00007ffd1b7ba000 	C:\Windows\system32\mswsock.dll
0x00007ffce5e30000 - 0x00007ffce5e43000 	C:\Program Files\Java\jdk-11.0.3\bin\nio.dll
0x00007ffd1b440000 - 0x00007ffd1b50a000 	C:\Windows\SYSTEM32\DNSAPI.dll
0x00007ffd1b3f0000 - 0x00007ffd1b42b000 	C:\Windows\SYSTEM32\IPHLPAPI.DLL
0x00007ffd1ded0000 - 0x00007ffd1ded8000 	C:\Windows\System32\NSI.dll
0x00007ffd13120000 - 0x00007ffd1312a000 	C:\Windows\System32\rasadhlp.dll
0x00007ffd141e0000 - 0x00007ffd1425f000 	C:\Windows\System32\fwpuclnt.dll
0x00007ffd1c390000 - 0x00007ffd1c3b7000 	C:\Windows\System32\bcrypt.dll
0x00007ffce4c40000 - 0x00007ffce4c67000 	C:\Program Files\Java\jdk-11.0.3\bin\sunec.dll
0x00007ffd1b940000 - 0x00007ffd1b958000 	C:\Windows\SYSTEM32\CRYPTSP.dll
0x00007ffd1af50000 - 0x00007ffd1af84000 	C:\Windows\system32\rsaenh.dll
0x00007ffd1be90000 - 0x00007ffd1bebe000 	C:\Windows\SYSTEM32\USERENV.dll
0x00007ffd1b960000 - 0x00007ffd1b96c000 	C:\Windows\SYSTEM32\CRYPTBASE.dll
0x00007ffd14100000 - 0x00007ffd14117000 	C:\Windows\SYSTEM32\dhcpcsvc6.DLL
0x00007ffd13f40000 - 0x00007ffd13f5d000 	C:\Windows\SYSTEM32\dhcpcsvc.DLL
0x00007ffd16750000 - 0x00007ffd1675d000 	C:\Program Files\Java\jdk-11.0.3\bin\sunmscapi.dll
0x00007ffd1c0c0000 - 0x00007ffd1c216000 	C:\Windows\System32\CRYPT32.dll
0x00007ffd1ba60000 - 0x00007ffd1ba87000 	C:\Windows\SYSTEM32\ncrypt.dll
0x00007ffd1ba20000 - 0x00007ffd1ba5b000 	C:\Windows\SYSTEM32\NTASN1.dll
0x00007ffcec5d0000 - 0x00007ffcec5e7000 	C:\Windows\system32\napinsp.dll
0x00007ffcec5b0000 - 0x00007ffcec5cb000 	C:\Windows\system32\pnrpnsp.dll
0x00007ffceb0d0000 - 0x00007ffceb0e5000 	C:\Windows\system32\wshbth.dll
0x00007ffd16580000 - 0x00007ffd1659d000 	C:\Windows\system32\NLAapi.dll
0x00007ffceb0b0000 - 0x00007ffceb0c2000 	C:\Windows\System32\winrnr.dll

dbghelp: loaded successfully - version: 4.0.5 - missing functions: none
symbol engine: initialized successfully - sym options: 0x614 - pdb path: .;C:\Program Files\Java\jdk-11.0.3\bin;C:\Windows\SYSTEM32;C:\Windows\WinSxS\amd64_microsoft.windows.common-controls_6595b64144ccf1df_6.0.19041.1110_none_60b5254171f9507e;C:\Program Files\Java\jdk-11.0.3\bin\server

VM Arguments:
jvm_args: -ea -Dfile.encoding=Cp1252 
java_command: org.testng.remote.RemoteTestNG -serport 56888 -protocol json -d C:\Users\jahanavikeshari\eclipse-workspace\FinalProject\test-output C:\Users\JAHANA~1\AppData\Local\Temp\testng-eclipse-2064663779\testng-customsuite.xml
java_class_path (initial): C:\Users\jahanavikeshari\eclipse\java-2021-093\eclipse\configuration\org.eclipse.osgi\440\0\.cp\lib\testng-remote.jar;C:\Users\jahanavikeshari\eclipse-workspace\FinalProject\target\test-classes;C:\Users\jahanavikeshari\eclipse-workspace\FinalProject\target\classes;C:\Users\jahanavikeshari\.m2\repository\com\vimalselvam\cucumber-extentsreport\3.0.2\cucumber-extentsreport-3.0.2.jar;C:\Users\jahanavikeshari\.m2\repository\com\aventstack\extentreports\3.1.2\extentreports-3.1.2.jar;C:\Users\jahanavikeshari\.m2\repository\org\freemarker\freemarker\2.3.23\freemarker-2.3.23.jar;C:\Users\jahanavikeshari\.m2\repository\org\mongodb\mongodb-driver\3.3.0\mongodb-driver-3.3.0.jar;C:\Users\jahanavikeshari\.m2\repository\org\mongodb\bson\3.3.0\bson-3.3.0.jar;C:\Users\jahanavikeshari\.m2\repository\org\mongodb\mongodb-driver-core\3.3.0\mongodb-driver-core-3.3.0.jar;C:\Users\jahanavikeshari\.m2\repository\org\apache\httpcomponents\httpclient\4.5.2\httpclient-4.5.2.jar;C:\Users\jahanavikeshari\.m2\repository\org\apache\httpcomponents\httpcore\4.4.4\httpcore-4.4.4.jar;C:\Users\jahanavikeshari\.m2\repository\commons-logging\commons-logging\1.2\commons-logging-1.2.jar;C:\Users\jahanavikeshari\.m2\repository\org\apache\httpcomponents\httpmime\4.5.2\httpmime-4.5.2.jar;C:\Users\jahanavikeshari\.m2\repository\org\jsoup\jsoup\1.9.2\jsoup-1.9.2.jar;C:\Users\jahanavikeshari\.m2\repository\com\google\code\gson\gson\2.8.0\gson-2.8.0.jar;C:\Users\jahanavikeshari\.m2\repository\info\cukes\cucumber-picocontainer\1.2.5\cucumber-picocontainer-1.2.5.jar;C:\Users\jahanavikeshari\.m2\repository\org\picocontainer\picocontainer\2.15\picocontainer-2.15.jar;C:\Users\jahanavikeshari\.m2\repository\info\cukes\cucumber-java\1.2.5\cucumber-java-1.2.5.jar;C:\Users\jahanavikeshari\.m2\repository\info\cukes\cucumber-core\1.2.5\cucumber-core-1.2.5.jar;C:\Users\jahanavikeshari\.m2\repository\info\cukes\cucumber-html\0.2.3\cucumber-html-0.2.3.jar;C:\Users\jahanavikeshari\.m2\repository\inf
Launcher Type: SUN_STANDARD

[Global flags]
     intx CICompilerCount                          = 4                                         {product} {ergonomic}
     uint ConcGCThreads                            = 2                                         {product} {ergonomic}
     uint G1ConcRefinementThreads                  = 8                                         {product} {ergonomic}
   size_t G1HeapRegionSize                         = 1048576                                   {product} {ergonomic}
    uintx GCDrainStackTargetSize                   = 64                                        {product} {ergonomic}
   size_t InitialHeapSize                          = 264241152                                 {product} {ergonomic}
   size_t MarkStackSize                            = 4194304                                   {product} {ergonomic}
   size_t MaxHeapSize                              = 4204789760                                {product} {ergonomic}
   size_t MaxNewSize                               = 2522873856                                {product} {ergonomic}
   size_t MinHeapDeltaBytes                        = 1048576                                   {product} {ergonomic}
    uintx NonNMethodCodeHeapSize                   = 5835340                                {pd product} {ergonomic}
    uintx NonProfiledCodeHeapSize                  = 122911450                              {pd product} {ergonomic}
    uintx ProfiledCodeHeapSize                     = 122911450                              {pd product} {ergonomic}
    uintx ReservedCodeCacheSize                    = 251658240                              {pd product} {ergonomic}
     bool SegmentedCodeCache                       = true                                      {product} {ergonomic}
     bool UseCompressedClassPointers               = true                                 {lp64_product} {ergonomic}
     bool UseCompressedOops                        = true                                 {lp64_product} {ergonomic}
     bool UseG1GC                                  = true                                      {product} {ergonomic}
     bool UseLargePagesIndividualAllocation        = false                                  {pd product} {ergonomic}

Logging:
Log output configuration:
 #0: stdout all=warning uptime,level,tags
 #1: stderr all=off uptime,level,tags

Environment Variables:
JAVA_HOME=C:\.Net & Java Software\Open JKD -11
PATH=C:/Program Files/Java/jdk-11.0.3/bin/server;C:/Program Files/Java/jdk-11.0.3/bin;C:\Program Files\Eclipse Foundation\jdk-8.0.302.8-hotspot\bin;C:\Program Files\Microsoft MPI\Bin\;C:\Windows\system32;C:\Windows;C:\Windows\System32\Wbem;C:\Windows\System32\WindowsPowerShell\v1.0\;C:\Windows\System32\OpenSSH\;C:\Program Files\TortoiseSVN\bin;C:\.Net & Java Software\Open JKD -11\bin;C:\Program Files\Git\cmd;C:\Program Files\nodejs\;C:\Program Files (x86)\Microsoft SQL Server\150\DTS\Binn\;C:\Program Files\Microsoft SQL Server\130\Tools\Binn\;C:\Program Files\Microsoft SQL Server\Client SDK\ODBC\170\Tools\Binn\;C:\Program Files (x86)\Microsoft SQL Server\140\Tools\Binn\;C:\Program Files\Microsoft SQL Server\140\Tools\Binn\;C:\Program Files (x86)\Microsoft SQL Server\140\DTS\Binn\;C:\Program Files\Microsoft SQL Server\140\DTS\Binn\;C:\Program Files\Microsoft SQL Server\Client SDK\ODBC\130\Tools\Binn\;C:\Program Files\dotnet\;C:\Program Files\Maven\apache-maven-3.8.3\bin;C:\Program Files (x86)\Microsoft SQL Server\150\Tools\Binn\;C:\Program Files\Microsoft SQL Server\150\Tools\Binn\;C:\Program Files\Microsoft SQL Server\150\DTS\Binn\;C:\Users\jahanavikeshari\AppData\Local\Android\Sdk\tools\bin;C:\Users\jahanavikeshari\AppData\Local\Android\Sdk\tools;C:\Users\jahanavikeshari\AppData\Local\Android\Sdk\platform-tools;C:\Program Files (x86)\dotnet\;C:\Windows\System32;
USERNAME=jahanavikeshari
OS=Windows_NT
PROCESSOR_IDENTIFIER=Intel64 Family 6 Model 140 Stepping 1, GenuineIntel



---------------  S Y S T E M  ---------------

OS: Windows 10 , 64 bit Build 19041 (10.0.19041.1566)

CPU:total 8 (initial active 8) (4 cores per cpu, 2 threads per core) family 6 model 140 stepping 1, cmov, cx8, fxsr, mmx, sse, sse2, sse3, ssse3, sse4.1, sse4.2, popcnt, avx, avx2, aes, clmul, erms, 3dnowpref, lzcnt, ht, tsc, tscinvbit, bmi1, bmi2, adx, evex, sha, fma

Memory: 4k page, system-wide physical 16034M (754M free)
TotalPageFile size 29477M (AvailPageFile size 4M)
current process WorkingSet (physical memory assigned to process): 118M, peak: 121M
current process commit charge ("private bytes"): 375M, peak: 378M

vm_info: Java HotSpot(TM) 64-Bit Server VM (11.0.3+12-LTS) for windows-amd64 JRE (11.0.3+12-LTS), built on Apr  2 2019 12:43:09 by "mach5one" with MS VC++ 15.5 (VS2017)

END.
